<?xml version="1.0" encoding="UTF-8"?>
<!-- Generated by org.testng.reporters.JUnitReportReporter -->
<testsuite skipped="0" hostname="DESKTOP-LJAIAAH" name="qa.tests.Iteration3Test" tests="112" failures="0" timestamp="2021-09-10T03:52:28 EDT" time="21.029" errors="0">
  <testcase name="iteration3" time="0.186" classname="qa.tests.Iteration3Test"/>
  <system-out/>
  <testcase name="iteration3" time="0.200" classname="qa.tests.Iteration3Test"/>
  <system-out/>
  <testcase name="iteration3" time="0.187" classname="qa.tests.Iteration3Test"/>
  <system-out/>
  <testcase name="iteration3" time="0.245" classname="qa.tests.Iteration3Test"/>
  <system-out/>
  <testcase name="iteration3" time="0.186" classname="qa.tests.Iteration3Test"/>
  <system-out/>
  <testcase name="iteration3" time="0.186" classname="qa.tests.Iteration3Test"/>
  <system-out/>
  <testcase name="iteration3" time="0.187" classname="qa.tests.Iteration3Test"/>
  <system-out/>
  <testcase name="iteration3" time="0.201" classname="qa.tests.Iteration3Test"/>
  <system-out/>
  <testcase name="iteration3" time="0.171" classname="qa.tests.Iteration3Test"/>
  <system-out/>
  <testcase name="iteration3" time="0.173" classname="qa.tests.Iteration3Test"/>
  <system-out/>
  <testcase name="iteration3" time="0.184" classname="qa.tests.Iteration3Test"/>
  <system-out/>
  <testcase name="iteration3" time="0.204" classname="qa.tests.Iteration3Test"/>
  <system-out/>
  <testcase name="iteration3" time="0.187" classname="qa.tests.Iteration3Test"/>
  <system-out/>
  <testcase name="iteration3" time="0.192" classname="qa.tests.Iteration3Test"/>
  <system-out/>
  <testcase name="iteration3" time="0.184" classname="qa.tests.Iteration3Test"/>
  <system-out/>
  <testcase name="iteration3" time="0.201" classname="qa.tests.Iteration3Test"/>
  <system-out/>
  <testcase name="iteration3" time="0.171" classname="qa.tests.Iteration3Test"/>
  <system-out/>
  <testcase name="iteration3" time="0.171" classname="qa.tests.Iteration3Test"/>
  <system-out/>
  <testcase name="iteration3" time="0.185" classname="qa.tests.Iteration3Test"/>
  <system-out/>
  <testcase name="iteration3" time="0.182" classname="qa.tests.Iteration3Test"/>
  <system-out/>
  <testcase name="iteration3" time="0.174" classname="qa.tests.Iteration3Test"/>
  <system-out/>
  <testcase name="iteration3" time="0.202" classname="qa.tests.Iteration3Test"/>
  <system-out/>
  <testcase name="iteration3" time="0.187" classname="qa.tests.Iteration3Test"/>
  <system-out/>
  <testcase name="iteration3" time="0.177" classname="qa.tests.Iteration3Test"/>
  <system-out/>
  <testcase name="iteration3" time="0.217" classname="qa.tests.Iteration3Test"/>
  <system-out/>
  <testcase name="iteration3" time="0.169" classname="qa.tests.Iteration3Test"/>
  <system-out/>
  <testcase name="iteration3" time="0.188" classname="qa.tests.Iteration3Test"/>
  <system-out/>
  <testcase name="iteration3" time="0.186" classname="qa.tests.Iteration3Test"/>
  <system-out/>
  <testcase name="iteration3" time="0.187" classname="qa.tests.Iteration3Test"/>
  <system-out/>
  <testcase name="iteration3" time="0.202" classname="qa.tests.Iteration3Test"/>
  <system-out/>
  <testcase name="iteration3" time="0.200" classname="qa.tests.Iteration3Test"/>
  <system-out/>
  <testcase name="iteration3" time="0.170" classname="qa.tests.Iteration3Test"/>
  <system-out/>
  <testcase name="iteration3" time="0.202" classname="qa.tests.Iteration3Test"/>
  <system-out/>
  <testcase name="iteration3" time="0.188" classname="qa.tests.Iteration3Test"/>
  <system-out/>
  <testcase name="iteration3" time="0.185" classname="qa.tests.Iteration3Test"/>
  <system-out/>
  <testcase name="iteration3" time="0.185" classname="qa.tests.Iteration3Test"/>
  <system-out/>
  <testcase name="iteration3" time="0.188" classname="qa.tests.Iteration3Test"/>
  <system-out/>
  <testcase name="iteration3" time="0.190" classname="qa.tests.Iteration3Test"/>
  <system-out/>
  <testcase name="iteration3" time="0.217" classname="qa.tests.Iteration3Test"/>
  <system-out/>
  <testcase name="iteration3" time="0.199" classname="qa.tests.Iteration3Test"/>
  <system-out/>
  <testcase name="iteration3" time="0.171" classname="qa.tests.Iteration3Test"/>
  <system-out/>
  <testcase name="iteration3" time="0.203" classname="qa.tests.Iteration3Test"/>
  <system-out/>
  <testcase name="iteration3" time="0.199" classname="qa.tests.Iteration3Test"/>
  <system-out/>
  <testcase name="iteration3" time="0.175" classname="qa.tests.Iteration3Test"/>
  <system-out/>
  <testcase name="iteration3" time="0.201" classname="qa.tests.Iteration3Test"/>
  <system-out/>
  <testcase name="iteration3" time="0.214" classname="qa.tests.Iteration3Test"/>
  <system-out/>
  <testcase name="iteration3" time="0.186" classname="qa.tests.Iteration3Test"/>
  <system-out/>
  <testcase name="iteration3" time="0.173" classname="qa.tests.Iteration3Test"/>
  <system-out/>
  <testcase name="iteration3" time="0.171" classname="qa.tests.Iteration3Test"/>
  <system-out/>
  <testcase name="iteration3" time="0.169" classname="qa.tests.Iteration3Test"/>
  <system-out/>
  <testcase name="iteration3" time="0.172" classname="qa.tests.Iteration3Test"/>
  <system-out/>
  <testcase name="iteration3" time="0.187" classname="qa.tests.Iteration3Test"/>
  <system-out/>
  <testcase name="iteration3" time="0.186" classname="qa.tests.Iteration3Test"/>
  <system-out/>
  <testcase name="iteration3" time="0.189" classname="qa.tests.Iteration3Test"/>
  <system-out/>
  <testcase name="iteration3" time="0.173" classname="qa.tests.Iteration3Test"/>
  <system-out/>
  <testcase name="iteration3" time="0.202" classname="qa.tests.Iteration3Test"/>
  <system-out/>
  <testcase name="iteration3" time="0.185" classname="qa.tests.Iteration3Test"/>
  <system-out/>
  <testcase name="iteration3" time="0.186" classname="qa.tests.Iteration3Test"/>
  <system-out/>
  <testcase name="iteration3" time="0.186" classname="qa.tests.Iteration3Test"/>
  <system-out/>
  <testcase name="iteration3" time="0.184" classname="qa.tests.Iteration3Test"/>
  <system-out/>
  <testcase name="iteration3" time="0.202" classname="qa.tests.Iteration3Test"/>
  <system-out/>
  <testcase name="iteration3" time="0.185" classname="qa.tests.Iteration3Test"/>
  <system-out/>
  <testcase name="iteration3" time="0.189" classname="qa.tests.Iteration3Test"/>
  <system-out/>
  <testcase name="iteration3" time="0.189" classname="qa.tests.Iteration3Test"/>
  <system-out/>
  <testcase name="iteration3" time="0.200" classname="qa.tests.Iteration3Test"/>
  <system-out/>
  <testcase name="iteration3" time="0.169" classname="qa.tests.Iteration3Test"/>
  <system-out/>
  <testcase name="iteration3" time="0.203" classname="qa.tests.Iteration3Test"/>
  <system-out/>
  <testcase name="iteration3" time="0.171" classname="qa.tests.Iteration3Test"/>
  <system-out/>
  <testcase name="iteration3" time="0.188" classname="qa.tests.Iteration3Test"/>
  <system-out/>
  <testcase name="iteration3" time="0.187" classname="qa.tests.Iteration3Test"/>
  <system-out/>
  <testcase name="iteration3" time="0.202" classname="qa.tests.Iteration3Test"/>
  <system-out/>
  <testcase name="iteration3" time="0.189" classname="qa.tests.Iteration3Test"/>
  <system-out/>
  <testcase name="iteration3" time="0.185" classname="qa.tests.Iteration3Test"/>
  <system-out/>
  <testcase name="iteration3" time="0.187" classname="qa.tests.Iteration3Test"/>
  <system-out/>
  <testcase name="iteration3" time="0.172" classname="qa.tests.Iteration3Test"/>
  <system-out/>
  <testcase name="iteration3" time="0.186" classname="qa.tests.Iteration3Test"/>
  <system-out/>
  <testcase name="iteration3" time="0.170" classname="qa.tests.Iteration3Test"/>
  <system-out/>
  <testcase name="iteration3" time="0.185" classname="qa.tests.Iteration3Test"/>
  <system-out/>
  <testcase name="iteration3" time="0.201" classname="qa.tests.Iteration3Test"/>
  <system-out/>
  <testcase name="iteration3" time="0.187" classname="qa.tests.Iteration3Test"/>
  <system-out/>
  <testcase name="iteration3" time="0.201" classname="qa.tests.Iteration3Test"/>
  <system-out/>
  <testcase name="iteration3" time="0.200" classname="qa.tests.Iteration3Test"/>
  <system-out/>
  <testcase name="iteration3" time="0.173" classname="qa.tests.Iteration3Test"/>
  <system-out/>
  <testcase name="iteration3" time="0.173" classname="qa.tests.Iteration3Test"/>
  <system-out/>
  <testcase name="iteration3" time="0.187" classname="qa.tests.Iteration3Test"/>
  <system-out/>
  <testcase name="iteration3" time="0.188" classname="qa.tests.Iteration3Test"/>
  <system-out/>
  <testcase name="iteration3" time="0.230" classname="qa.tests.Iteration3Test"/>
  <system-out/>
  <testcase name="iteration3" time="0.170" classname="qa.tests.Iteration3Test"/>
  <system-out/>
  <testcase name="iteration3" time="0.203" classname="qa.tests.Iteration3Test"/>
  <system-out/>
  <testcase name="iteration3" time="0.170" classname="qa.tests.Iteration3Test"/>
  <system-out/>
  <testcase name="iteration3" time="0.186" classname="qa.tests.Iteration3Test"/>
  <system-out/>
  <testcase name="iteration3" time="0.201" classname="qa.tests.Iteration3Test"/>
  <system-out/>
  <testcase name="iteration3" time="0.186" classname="qa.tests.Iteration3Test"/>
  <system-out/>
  <testcase name="iteration3" time="0.203" classname="qa.tests.Iteration3Test"/>
  <system-out/>
  <testcase name="iteration3" time="0.185" classname="qa.tests.Iteration3Test"/>
  <system-out/>
  <testcase name="iteration3" time="0.200" classname="qa.tests.Iteration3Test"/>
  <system-out/>
  <testcase name="iteration3" time="0.185" classname="qa.tests.Iteration3Test"/>
  <system-out/>
  <testcase name="iteration3" time="0.185" classname="qa.tests.Iteration3Test"/>
  <system-out/>
  <testcase name="iteration3" time="0.169" classname="qa.tests.Iteration3Test"/>
  <system-out/>
  <testcase name="iteration3" time="0.181" classname="qa.tests.Iteration3Test"/>
  <system-out/>
  <testcase name="iteration3" time="0.172" classname="qa.tests.Iteration3Test"/>
  <system-out/>
  <testcase name="iteration3" time="0.186" classname="qa.tests.Iteration3Test"/>
  <system-out/>
  <testcase name="iteration3" time="0.172" classname="qa.tests.Iteration3Test"/>
  <system-out/>
  <testcase name="iteration3" time="0.200" classname="qa.tests.Iteration3Test"/>
  <system-out/>
  <testcase name="iteration3" time="0.170" classname="qa.tests.Iteration3Test"/>
  <system-out/>
  <testcase name="iteration3" time="0.188" classname="qa.tests.Iteration3Test"/>
  <system-out/>
  <testcase name="iteration3" time="0.199" classname="qa.tests.Iteration3Test"/>
  <system-out/>
  <testcase name="iteration3" time="0.185" classname="qa.tests.Iteration3Test"/>
  <system-out/>
  <testcase name="iteration3" time="0.184" classname="qa.tests.Iteration3Test"/>
  <system-out/>
  <testcase name="iteration3" time="0.171" classname="qa.tests.Iteration3Test"/>
  <system-out/>
  <testcase name="iteration3" time="0.200" classname="qa.tests.Iteration3Test"/>
  <system-out/>
  <testcase name="iteration3" time="0.171" classname="qa.tests.Iteration3Test"/>
  <system-out/>
</testsuite> <!-- qa.tests.Iteration3Test -->
