<?xml version="1.0" encoding="UTF-8"?>
<!-- Generated by org.testng.reporters.JUnitReportReporter -->
<testsuite skipped="0" hostname="DESKTOP-LJAIAAH" name="qa.tests.Iteration2Test" tests="28" failures="0" timestamp="2021-09-10T01:02:36 EDT" time="3.706" errors="0">
  <testcase name="iteration1" time="0.124" classname="qa.tests.Iteration2Test"/>
  <system-out/>
  <testcase name="iteration1" time="0.126" classname="qa.tests.Iteration2Test"/>
  <system-out/>
  <testcase name="iteration1" time="0.124" classname="qa.tests.Iteration2Test"/>
  <system-out/>
  <testcase name="iteration1" time="0.126" classname="qa.tests.Iteration2Test"/>
  <system-out/>
  <testcase name="iteration1" time="0.139" classname="qa.tests.Iteration2Test"/>
  <system-out/>
  <testcase name="iteration1" time="0.127" classname="qa.tests.Iteration2Test"/>
  <system-out/>
  <testcase name="iteration1" time="0.124" classname="qa.tests.Iteration2Test"/>
  <system-out/>
  <testcase name="iteration1" time="0.139" classname="qa.tests.Iteration2Test"/>
  <system-out/>
  <testcase name="iteration1" time="0.143" classname="qa.tests.Iteration2Test"/>
  <system-out/>
  <testcase name="iteration1" time="0.123" classname="qa.tests.Iteration2Test"/>
  <system-out/>
  <testcase name="iteration1" time="0.125" classname="qa.tests.Iteration2Test"/>
  <system-out/>
  <testcase name="iteration1" time="0.125" classname="qa.tests.Iteration2Test"/>
  <system-out/>
  <testcase name="iteration1" time="0.135" classname="qa.tests.Iteration2Test"/>
  <system-out/>
  <testcase name="iteration1" time="0.125" classname="qa.tests.Iteration2Test"/>
  <system-out/>
  <testcase name="iteration1" time="0.125" classname="qa.tests.Iteration2Test"/>
  <system-out/>
  <testcase name="iteration1" time="0.126" classname="qa.tests.Iteration2Test"/>
  <system-out/>
  <testcase name="iteration1" time="0.139" classname="qa.tests.Iteration2Test"/>
  <system-out/>
  <testcase name="iteration1" time="0.127" classname="qa.tests.Iteration2Test"/>
  <system-out/>
  <testcase name="iteration1" time="0.138" classname="qa.tests.Iteration2Test"/>
  <system-out/>
  <testcase name="iteration1" time="0.139" classname="qa.tests.Iteration2Test"/>
  <system-out/>
  <testcase name="iteration1" time="0.158" classname="qa.tests.Iteration2Test"/>
  <system-out/>
  <testcase name="iteration1" time="0.153" classname="qa.tests.Iteration2Test"/>
  <system-out/>
  <testcase name="iteration1" time="0.138" classname="qa.tests.Iteration2Test"/>
  <system-out/>
  <testcase name="iteration1" time="0.125" classname="qa.tests.Iteration2Test"/>
  <system-out/>
  <testcase name="iteration1" time="0.127" classname="qa.tests.Iteration2Test"/>
  <system-out/>
  <testcase name="iteration1" time="0.154" classname="qa.tests.Iteration2Test"/>
  <system-out/>
  <testcase name="iteration1" time="0.128" classname="qa.tests.Iteration2Test"/>
  <system-out/>
  <testcase name="iteration1" time="0.124" classname="qa.tests.Iteration2Test"/>
  <system-out/>
</testsuite> <!-- qa.tests.Iteration2Test -->
