<?xml version="1.0" encoding="UTF-8"?>
<!-- Generated by org.testng.reporters.JUnitReportReporter -->
<testsuite skipped="0" hostname="DESKTOP-LJAIAAH" name="qa.tests.Iteration1Test" tests="1" failures="0" timestamp="2021-09-09T19:47:20 EDT" time="0.000" errors="0">
  <testcase name="iteration1" time="0.000" classname="qa.tests.Iteration1Test"/>
  <system-out/>
</testsuite> <!-- qa.tests.Iteration1Test -->
